
Showing logs for build [32mcb-kubecd-bdd-gh-1568368248-pr-1[0m stage [32mmeta-pipeline[0m and container [32mstep-credential-initializer-mrz52[0m
{"level":"warn","ts":1568368573.8803847,"logger":"fallback-logger","caller":"logging/config.go:69","msg":"Fetch GitHub commit ID from kodata failed: \"ref: refs/heads/master\" is not a valid GitHub commit ID"}
{"level":"info","ts":1568368573.8809404,"logger":"fallback-logger","caller":"creds-init/main.go:40","msg":"Credentials initialized."}

Showing logs for build [32mcb-kubecd-bdd-gh-1568368248-pr-1[0m stage [32mmeta-pipeline[0m and container [32mstep-working-dir-initializer-dp98c[0m
{"level":"warn","ts":1568368575.2525983,"logger":"fallback-logger","caller":"logging/config.go:69","msg":"Fetch GitHub commit ID from kodata failed: open /var/run/ko/HEAD: no such file or directory"}
{"level":"info","ts":1568368575.2556014,"logger":"fallback-logger","caller":"bash/main.go:65","msg":"Successfully executed command \"mkdir -p /workspace/source\""}

Showing logs for build [32mcb-kubecd-bdd-gh-1568368248-pr-1[0m stage [32mmeta-pipeline[0m and container [32mstep-place-tools[0m

Showing logs for build [32mcb-kubecd-bdd-gh-1568368248-pr-1[0m stage [32mmeta-pipeline[0m and container [32mstep-git-source-meta-cb-kubecd-bdd-gh-156836824-qf7v8[0m
{"level":"warn","ts":1568368581.3673975,"logger":"fallback-logger","caller":"logging/config.go:69","msg":"Fetch GitHub commit ID from kodata failed: \"ref: refs/heads/master\" is not a valid GitHub commit ID"}
{"level":"info","ts":1568368582.4340057,"logger":"fallback-logger","caller":"git/git.go:102","msg":"Successfully cloned https://github.com/cb-kubecd/bdd-gh-1568368248.git @ e2d31924f1b2e75c3699b5619336dea46aa69ff9 in path /workspace/source"}

Showing logs for build [32mcb-kubecd-bdd-gh-1568368248-pr-1[0m stage [32mmeta-pipeline[0m and container [32mstep-git-merge[0m
Using SHAs from PULL_REFS=master:e2d31924f1b2e75c3699b5619336dea46aa69ff9,1:bd6800b22df2496989dd239a98ce3c538d959f61
DEBUG: ran git fetch --unshallow origin bd6800b22df2496989dd239a98ce3c538d959f61: e2d31924f1b2e75c3699b5619336dea46aa69ff9: in 
DEBUG: ran git checkout master in 
DEBUG: ran git reset --hard e2d31924f1b2e75c3699b5619336dea46aa69ff9 in 
DEBUG: ran clean --force -d . in 
DEBUG: ran git merge bd6800b22df2496989dd239a98ce3c538d959f61 in 
Merged SHA bd6800b22df2496989dd239a98ce3c538d959f61 with commit message 'My first PR commit' into base branch master

Showing logs for build [32mcb-kubecd-bdd-gh-1568368248-pr-1[0m stage [32mmeta-pipeline[0m and container [32mstep-merge-pull-refs[0m
DEBUG: ran git fetch origin bd6800b22df2496989dd239a98ce3c538d959f61: e2d31924f1b2e75c3699b5619336dea46aa69ff9: in 
DEBUG: Unshallowed git repo in 
DEBUG: ran git checkout master in 
DEBUG: ran git reset --hard e2d31924f1b2e75c3699b5619336dea46aa69ff9 in 
DEBUG: ran clean --force -d . in 
DEBUG: ran git merge bd6800b22df2496989dd239a98ce3c538d959f61 in 
Merged SHA bd6800b22df2496989dd239a98ce3c538d959f61 with commit message 'My first PR commit' into base branch master

Showing logs for build [32mcb-kubecd-bdd-gh-1568368248-pr-1[0m stage [32mmeta-pipeline[0m and container [32mstep-create-effective-pipeline[0m
Deleting and cloning the Jenkins X versions repo
Cloning the Jenkins X versions repo https://github.com/jenkins-x/jenkins-x-versions.git with revision f04d40a4a432b0b662e58ecc52a4d2647cf29541 to /builder/home/.**/jenkins-x-versions
From https://github.com/jenkins-x/jenkins-x-versions
 * branch            f04d40a4a432b0b662e58ecc52a4d2647cf29541 -> FETCH_HEAD
Effective pipeline written to jenkins-x-serverless-jenkins-effective.yml

Showing logs for build [32mcb-kubecd-bdd-gh-1568368248-pr-1[0m stage [32mmeta-pipeline[0m and container [32mstep-create-tekton-crds[0m
Deleting and cloning the Jenkins X versions repo
Cloning the Jenkins X versions repo https://github.com/jenkins-x/jenkins-x-versions.git with revision f04d40a4a432b0b662e58ecc52a4d2647cf29541 to /builder/home/.**/jenkins-x-versions
From https://github.com/jenkins-x/jenkins-x-versions
 * branch            f04d40a4a432b0b662e58ecc52a4d2647cf29541 -> FETCH_HEAD
PipelineActivity for cb-kubecd-bdd-gh-1568368248-PR-1-1
Applying changes 
upserted PipelineResource cb-kubecd-bdd-gh-1568368248-pr for the git repository https://github.com/cb-kubecd/bdd-gh-1568368248.git
upserted Task cb-kubecd-bdd-gh-1568368248-pr-from-build-pack-1
upserted Pipeline cb-kubecd-bdd-gh-1568368248-pr-1
created PipelineRun cb-kubecd-bdd-gh-1568368248-pr-1
created PipelineStructure cb-kubecd-bdd-gh-1568368248-pr-1

Showing logs for build [32mcb-kubecd-bdd-gh-1568368248-pr-1[0m stage [32mfrom-build-pack[0m and container [32mstep-credential-initializer-w5h24[0m
{"level":"warn","ts":1568368596.8207946,"logger":"fallback-logger","caller":"logging/config.go:69","msg":"Fetch GitHub commit ID from kodata failed: \"ref: refs/heads/master\" is not a valid GitHub commit ID"}
{"level":"info","ts":1568368596.8213537,"logger":"fallback-logger","caller":"creds-init/main.go:40","msg":"Credentials initialized."}

Showing logs for build [32mcb-kubecd-bdd-gh-1568368248-pr-1[0m stage [32mfrom-build-pack[0m and container [32mstep-working-dir-initializer-r4fkn[0m
{"level":"warn","ts":1568368597.697927,"logger":"fallback-logger","caller":"logging/config.go:69","msg":"Fetch GitHub commit ID from kodata failed: open /var/run/ko/HEAD: no such file or directory"}
{"level":"info","ts":1568368597.7087035,"logger":"fallback-logger","caller":"bash/main.go:65","msg":"Successfully executed command \"mkdir -p /workspace/source /workspace/source/charts/preview\""}

Showing logs for build [32mcb-kubecd-bdd-gh-1568368248-pr-1[0m stage [32mfrom-build-pack[0m and container [32mstep-place-tools[0m

Showing logs for build [32mcb-kubecd-bdd-gh-1568368248-pr-1[0m stage [32mfrom-build-pack[0m and container [32mstep-git-source-cb-kubecd-bdd-gh-1568368248-pr-8xv5c[0m
{"level":"warn","ts":1568368603.8229642,"logger":"fallback-logger","caller":"logging/config.go:69","msg":"Fetch GitHub commit ID from kodata failed: \"ref: refs/heads/master\" is not a valid GitHub commit ID"}
{"level":"info","ts":1568368604.8790805,"logger":"fallback-logger","caller":"git/git.go:102","msg":"Successfully cloned https://github.com/cb-kubecd/bdd-gh-1568368248.git @ master in path /workspace/source"}

Showing logs for build [32mcb-kubecd-bdd-gh-1568368248-pr-1[0m stage [32mfrom-build-pack[0m and container [32mstep-git-merge[0m
Using SHAs from PULL_REFS=master:e2d31924f1b2e75c3699b5619336dea46aa69ff9,1:bd6800b22df2496989dd239a98ce3c538d959f61
DEBUG: ran git fetch --unshallow origin bd6800b22df2496989dd239a98ce3c538d959f61: e2d31924f1b2e75c3699b5619336dea46aa69ff9: in 
DEBUG: ran git checkout master in 
DEBUG: ran git reset --hard e2d31924f1b2e75c3699b5619336dea46aa69ff9 in 
DEBUG: ran clean --force -d . in 
DEBUG: ran git merge bd6800b22df2496989dd239a98ce3c538d959f61 in 
Merged SHA bd6800b22df2496989dd239a98ce3c538d959f61 with commit message 'My first PR commit' into base branch master

Showing logs for build [32mcb-kubecd-bdd-gh-1568368248-pr-1[0m stage [32mfrom-build-pack[0m and container [32mstep-build-make-linux[0m
CGO_ENABLED=0 GOOS=linux GOARCH=amd64 GO15VENDOREXPERIMENT=1 go build -ldflags '' -o bin/bdd-gh-1568368248 main.go

Showing logs for build [32mcb-kubecd-bdd-gh-1568368248-pr-1[0m stage [32mfrom-build-pack[0m and container [32mstep-build-container-build[0m
[36mINFO[0m[0000] No base image, nothing to extract            
[36mINFO[0m[0000] cmd: EXPOSE                                  
[36mINFO[0m[0000] Adding exposed port: 8080/tcp                
[36mINFO[0m[0000] Using files from context: [/workspace/source/bin] 
[36mINFO[0m[0000] Skipping unpacking as no commands require it. 
[36mINFO[0m[0000] Taking snapshot of full filesystem...        
[36mINFO[0m[0000] EXPOSE 8080                                  
[36mINFO[0m[0000] cmd: EXPOSE                                  
[36mINFO[0m[0000] Adding exposed port: 8080/tcp                
[36mINFO[0m[0000] No files changed in this command, skipping snapshotting. 
[36mINFO[0m[0000] ENTRYPOINT ["/bdd-gh-1568368248"]            
[36mINFO[0m[0000] No files changed in this command, skipping snapshotting. 
[36mINFO[0m[0000] Using files from context: [/workspace/source/bin] 
[36mINFO[0m[0000] COPY ./bin/ /                                
[36mINFO[0m[0000] Taking snapshot of files...                  
2019/09/13 09:57:15 pushed blob: sha256:65a7bc06296bd0ecf113699e7aed63f866d52c4bab2e3eb0186de0214dce0bcd
2019/09/13 09:57:15 pushed blob: sha256:01a5675d77bac1594867777c335f42b7ecd43e18385131f84a0c12c2eb7aa0b8
2019/09/13 09:57:17 gcr.io/jenkins-x-bdd3/bdd-gh-1568368248:0.0.0-SNAPSHOT-PR-1-1: digest: sha256:2a3088f6f054ed922af3150705da22c61ed9abc965fb4febe40e65420ae02ed8 size: 428

Showing logs for build [32mcb-kubecd-bdd-gh-1568368248-pr-1[0m stage [32mfrom-build-pack[0m and container [32mstep-postbuild-post-build[0m
no CVE provider running in the current ** namespace so skip adding image to be analysed

Showing logs for build [32mcb-kubecd-bdd-gh-1568368248-pr-1[0m stage [32mfrom-build-pack[0m and container [32mstep-promote-make-preview[0m
sed -i -e "s/version:.*/version: 0.0.0-SNAPSHOT-PR-1-1/" Chart.yaml
sed -i -e "s/version:.*/version: 0.0.0-SNAPSHOT-PR-1-1/" ../*/Chart.yaml
sed -i -e "s|repository:.*|repository: gcr.io\/jenkins-x-bdd3\/bdd-gh-1568368248|" values.yaml
sed -i -e "s/tag:.*/tag: 0.0.0-SNAPSHOT-PR-1-1/" values.yaml
echo "  version: 0.0.0-SNAPSHOT-PR-1-1" >> requirements.yaml
** step helm build
WARNING: No $CHART_REPOSITORY defined so using the default value of: http://jenkins-x-chartmuseum:8080
Adding missing Helm repo: storage.googleapis.com https://storage.googleapis.com/chartmuseum.jenkins-x.io
Successfully added Helm repository storage.googleapis.com.
Adding missing Helm repo: jenkins-x-chartmuseum http://jenkins-x-chartmuseum:8080
Successfully added Helm repository jenkins-x-chartmuseum.
WARNING: No $CHART_REPOSITORY defined so using the default value of: http://jenkins-x-chartmuseum:8080
Adding missing Helm repo: chartmuseum.jenkins-x.io http://chartmuseum.jenkins-x.io
Successfully added Helm repository chartmuseum.jenkins-x.io.

Showing logs for build [32mcb-kubecd-bdd-gh-1568368248-pr-1[0m stage [32mfrom-build-pack[0m and container [32mstep-promote-jx-preview[0m
Creating a preview
WARNING: No author for commit: bd6800b22df2496989dd239a98ce3c538d959f61
Created environment cb-kubecd-bdd-gh-1568368248-pr-1
Namespace **-cb-kubecd-bdd-gh-1568368248-pr-1 created 
expose:
  Annotations:
    helm.sh/hook: post-install,post-upgrade
    helm.sh/hook-delete-policy: hook-succeeded
  config:
    domain: 34.77.0.203.nip.io
    exposer: Ingress
    http: "true"
preview:
  image:
    repository: gcr.io/jenkins-x-bdd3/bdd-gh-1568368248
    tag: 0.0.0-SNAPSHOT-PR-1-1
Deleting and cloning the Jenkins X versions repo
Cloning the Jenkins X versions repo https://github.com/jenkins-x/jenkins-x-versions.git with revision f04d40a4a432b0b662e58ecc52a4d2647cf29541 to /builder/home/.**/jenkins-x-versions
From https://github.com/jenkins-x/jenkins-x-versions
 * branch            f04d40a4a432b0b662e58ecc52a4d2647cf29541 -> FETCH_HEAD


Updating PipelineActivities cb-kubecd-bdd-gh-1568368248-pr-1-1 which has status Running
Preview application is now available at: http://bdd-gh-1568368248.**-cb-kubecd-bdd-gh-1568368248-pr-1.34.77.0.203.nip.io
